<?xml version="1.0" encoding="UTF-8"?>
<!-- Generated by org.testng.reporters.JUnitReportReporter -->
<testsuite hostname="lerato-ThinkPad-T540p" failures="0" tests="2" name="com.TestFrame.suiteFull.HomePage" time="31.372" errors="0" timestamp="2020-06-08T23:23:58 SAST" skipped="0">
  <testcase classname="com.TestFrame.suiteFull.HomePage" name="homePageNavigation" time="17.403"/>
  <system-out/>
  <testcase classname="com.TestFrame.suiteFull.HomePage" name="homePageNavigation" time="13.969"/>
  <system-out/>
</testsuite> <!-- com.TestFrame.suiteFull.HomePage -->
