<?xml version="1.0" encoding="UTF-8"?>
<!-- Generated by org.testng.reporters.JUnitReportReporter -->
<testsuite hostname="lerato-ThinkPad-T540p" failures="0" tests="2" name="com.TestFrame.suiteFull.HomePage" time="23.247" errors="0" timestamp="2020-06-08T19:24:54 SAST" skipped="0">
  <testcase classname="com.TestFrame.suiteFull.HomePage" name="homePageNavigation" time="11.367"/>
  <system-out/>
  <testcase classname="com.TestFrame.suiteFull.HomePage" name="homePageNavigation" time="11.880"/>
  <system-out/>
</testsuite> <!-- com.TestFrame.suiteFull.HomePage -->
