<?xml version="1.0" encoding="UTF-8"?>
<!-- Generated by org.testng.reporters.JUnitReportReporter -->
<testsuite hostname="lerato-ThinkPad-T540p" failures="0" tests="1" name="com.TestFrame.suiteFull.AppTest" time="0.002" errors="0" timestamp="2020-06-08T19:24:54 SAST" skipped="0">
  <testcase classname="com.TestFrame.suiteFull.AppTest" name="shouldAnswerWithTrue" time="0.002"/>
  <system-out/>
</testsuite> <!-- com.TestFrame.suiteFull.AppTest -->
