<?xml version="1.0" encoding="UTF-8"?>
<!-- Generated by org.testng.reporters.JUnitReportReporter -->
<testsuite hostname="lerato-ThinkPad-T540p" failures="0" tests="1" name="com.TestFrame.suiteFull.AppTest" time="0.015" errors="0" timestamp="2020-06-12T19:04:22 SAST" skipped="0">
  <testcase classname="com.TestFrame.suiteFull.AppTest" name="shouldAnswerWithTrue" time="0.015"/>
  <system-out/>
</testsuite> <!-- com.TestFrame.suiteFull.AppTest -->
