<?xml version="1.0" encoding="UTF-8"?>
<!-- Generated by org.testng.reporters.JUnitReportReporter -->
<testsuite hostname="lerato-ThinkPad-T540p" failures="0" tests="2" name="com.TestFrame.suiteFull.HomePage" time="21.336" errors="0" timestamp="2020-06-08T17:45:12 SAST" skipped="0">
  <testcase classname="com.TestFrame.suiteFull.HomePage" name="homePageNavigation" time="9.912"/>
  <system-out/>
  <testcase classname="com.TestFrame.suiteFull.HomePage" name="homePageNavigation" time="11.424"/>
  <system-out/>
</testsuite> <!-- com.TestFrame.suiteFull.HomePage -->
