<?xml version="1.0" encoding="UTF-8"?>
<!-- Generated by org.testng.reporters.JUnitReportReporter -->
<testsuite hostname="lerato-ThinkPad-T540p" failures="0" tests="1" name="com.TestFrame.suiteFull.ValidateTitle" time="0.059" errors="0" timestamp="2020-06-12T19:15:57 SAST" skipped="0">
  <testcase classname="com.TestFrame.suiteFull.ValidateTitle" name="TitleValidation" time="0.059"/>
  <system-out/>
</testsuite> <!-- com.TestFrame.suiteFull.ValidateTitle -->
